2012/11/12 14:29:59 [error] [exception.CHttpException.404] exception 'CHttpException' with message 'Unable to resolve the request "page/index".' in E:\job\framework\web\CWebApplication.php:287
Stack trace:
#0 E:\job\framework\web\CWebApplication.php(142): CWebApplication->runController('page/index')
#1 E:\job\framework\base\CApplication.php(162): CWebApplication->processRequest()
#2 E:\job\CI\index.php(11): CApplication->run()
#3 {main}
REQUEST_URI=/index.php/page/index
---
2012/11/12 14:30:00 [error] [exception.CHttpException.404] exception 'CHttpException' with message 'Unable to resolve the request "page/index".' in E:\job\framework\web\CWebApplication.php:287
Stack trace:
#0 E:\job\framework\web\CWebApplication.php(142): CWebApplication->runController('page/index')
#1 E:\job\framework\base\CApplication.php(162): CWebApplication->processRequest()
#2 E:\job\CI\index.php(11): CApplication->run()
#3 {main}
REQUEST_URI=/index.php/page/index
---
2012/11/12 14:30:59 [error] [exception.CException] exception 'CException' with message 'PageController cannot find the requested view "index".' in E:\job\framework\web\CController.php:879
Stack trace:
#0 E:\job\framework\web\CController.php(783): CController->renderPartial('index', NULL, true)
#1 E:\job\CI\protected\controllers\PageController.php(4): CController->render('index')
#2 E:\job\framework\web\actions\CInlineAction.php(50): PageController->actionIndex()
#3 E:\job\framework\web\CController.php(309): CInlineAction->runWithParams(Array)
#4 E:\job\framework\web\CController.php(287): CController->runAction(Object(CInlineAction))
#5 E:\job\framework\web\CController.php(266): CController->runActionWithFilters(Object(CInlineAction), Array)
#6 E:\job\framework\web\CWebApplication.php(283): CController->run('index')
#7 E:\job\framework\web\CWebApplication.php(142): CWebApplication->runController('page/index')
#8 E:\job\framework\base\CApplication.php(162): CWebApplication->processRequest()
#9 E:\job\CI\index.php(11): CApplication->run()
#10 {main}
REQUEST_URI=/index.php/page/index
---
2012/11/12 14:31:58 [error] [exception.CException] exception 'CException' with message 'PageController cannot find the requested view "_form".' in E:\job\framework\web\CController.php:879
Stack trace:
#0 E:\job\CI\protected\views\page\index.php(1): CController->renderPartial('_form')
#1 E:\job\framework\web\CBaseController.php(127): require('E:\job\CI\prote...')
#2 E:\job\framework\web\CBaseController.php(96): CBaseController->renderInternal('E:\job\CI\prote...', NULL, true)
#3 E:\job\framework\web\CController.php(870): CBaseController->renderFile('E:\job\CI\prote...', NULL, true)
#4 E:\job\framework\web\CController.php(783): CController->renderPartial('index', NULL, true)
#5 E:\job\CI\protected\controllers\PageController.php(4): CController->render('index')
#6 E:\job\framework\web\actions\CInlineAction.php(50): PageController->actionIndex()
#7 E:\job\framework\web\CController.php(309): CInlineAction->runWithParams(Array)
#8 E:\job\framework\web\CController.php(287): CController->runAction(Object(CInlineAction))
#9 E:\job\framework\web\CController.php(266): CController->runActionWithFilters(Object(CInlineAction), Array)
#10 E:\job\framework\web\CWebApplication.php(283): CController->run('index')
#11 E:\job\framework\web\CWebApplication.php(142): CWebApplication->runController('page/index')
#12 E:\job\framework\base\CApplication.php(162): CWebApplication->processRequest()
#13 E:\job\CI\index.php(11): CApplication->run()
#14 {main}
REQUEST_URI=/index.php/page/index
---
2012/11/13 12:48:11 [error] [php] include(Post.php) [<a href='function.include'>function.include</a>]: failed to open stream: No such file or directory (E:\job\framework\YiiBase.php:423)
Stack trace:
#0 E:\job\CI\protected\controllers\PostController.php(120): spl_autoload_call()
#1 E:\job\framework\web\actions\CInlineAction.php(50): PostController->actionIndex()
#2 E:\job\framework\web\CController.php(309): CInlineAction->runWithParams()
#3 E:\job\framework\web\filters\CFilterChain.php(134): PostController->runAction()
#4 E:\job\framework\web\filters\CFilter.php(41): CFilterChain->run()
#5 E:\job\framework\web\CController.php(1146): CAccessControlFilter->filter()
#6 E:\job\framework\web\filters\CInlineFilter.php(59): PostController->filterAccessControl()
#7 E:\job\framework\web\filters\CFilterChain.php(131): CInlineFilter->filter()
#8 E:\job\framework\web\CController.php(292): CFilterChain->run()
#9 E:\job\framework\web\CController.php(266): PostController->runActionWithFilters()
#10 E:\job\framework\web\CWebApplication.php(283): PostController->run()
#11 E:\job\framework\web\CWebApplication.php(142): CWebApplication->runController()
#12 E:\job\framework\base\CApplication.php(162): CWebApplication->processRequest()
#13 E:\job\CI\index.php(11): CWebApplication->run()
REQUEST_URI=/
2012/11/15 02:37:02 [error] [php] include(Post.php) [<a href='function.include'>function.include</a>]: failed to open stream: No such file or directory (E:\job\framework\YiiBase.php:423)
Stack trace:
#0 E:\job\CI\protected\controllers\PostController.php(120): spl_autoload_call()
#1 E:\job\framework\web\actions\CInlineAction.php(50): PostController->actionIndex()
#2 E:\job\framework\web\CController.php(309): CInlineAction->runWithParams()
#3 E:\job\framework\web\filters\CFilterChain.php(134): PostController->runAction()
#4 E:\job\framework\web\filters\CFilter.php(41): CFilterChain->run()
#5 E:\job\framework\web\CController.php(1146): CAccessControlFilter->filter()
#6 E:\job\framework\web\filters\CInlineFilter.php(59): PostController->filterAccessControl()
#7 E:\job\framework\web\filters\CFilterChain.php(131): CInlineFilter->filter()
#8 E:\job\framework\web\CController.php(292): CFilterChain->run()
#9 E:\job\framework\web\CController.php(266): PostController->runActionWithFilters()
#10 E:\job\framework\web\CWebApplication.php(283): PostController->run()
#11 E:\job\framework\web\CWebApplication.php(142): CWebApplication->runController()
#12 E:\job\framework\base\CApplication.php(162): CWebApplication->processRequest()
#13 E:\job\CI\index.php(11): CWebApplication->run()
REQUEST_URI=/
2012/11/15 02:37:11 [error] [php] include(Post.php) [<a href='function.include'>function.include</a>]: failed to open stream: No such file or directory (E:\job\framework\YiiBase.php:423)
Stack trace:
#0 E:\job\CI\protected\controllers\PostController.php(120): spl_autoload_call()
#1 E:\job\framework\web\actions\CInlineAction.php(50): PostController->actionIndex()
#2 E:\job\framework\web\CController.php(309): CInlineAction->runWithParams()
#3 E:\job\framework\web\filters\CFilterChain.php(134): PostController->runAction()
#4 E:\job\framework\web\filters\CFilter.php(41): CFilterChain->run()
#5 E:\job\framework\web\CController.php(1146): CAccessControlFilter->filter()
#6 E:\job\framework\web\filters\CInlineFilter.php(59): PostController->filterAccessControl()
#7 E:\job\framework\web\filters\CFilterChain.php(131): CInlineFilter->filter()
#8 E:\job\framework\web\CController.php(292): CFilterChain->run()
#9 E:\job\framework\web\CController.php(266): PostController->runActionWithFilters()
#10 E:\job\framework\web\CWebApplication.php(283): PostController->run()
#11 E:\job\framework\web\CWebApplication.php(142): CWebApplication->runController()
#12 E:\job\framework\base\CApplication.php(162): CWebApplication->processRequest()
#13 E:\job\CI\index.php(11): CWebApplication->run()
REQUEST_URI=/
2012/11/15 02:37:12 [error] [php] include(Post.php) [<a href='function.include'>function.include</a>]: failed to open stream: No such file or directory (E:\job\framework\YiiBase.php:423)
Stack trace:
#0 E:\job\CI\protected\controllers\PostController.php(120): spl_autoload_call()
#1 E:\job\framework\web\actions\CInlineAction.php(50): PostController->actionIndex()
#2 E:\job\framework\web\CController.php(309): CInlineAction->runWithParams()
#3 E:\job\framework\web\filters\CFilterChain.php(134): PostController->runAction()
#4 E:\job\framework\web\filters\CFilter.php(41): CFilterChain->run()
#5 E:\job\framework\web\CController.php(1146): CAccessControlFilter->filter()
#6 E:\job\framework\web\filters\CInlineFilter.php(59): PostController->filterAccessControl()
#7 E:\job\framework\web\filters\CFilterChain.php(131): CInlineFilter->filter()
#8 E:\job\framework\web\CController.php(292): CFilterChain->run()
#9 E:\job\framework\web\CController.php(266): PostController->runActionWithFilters()
#10 E:\job\framework\web\CWebApplication.php(283): PostController->run()
#11 E:\job\framework\web\CWebApplication.php(142): CWebApplication->runController()
#12 E:\job\framework\base\CApplication.php(162): CWebApplication->processRequest()
#13 E:\job\CI\index.php(11): CWebApplication->run()
REQUEST_URI=/
2012/11/15 07:14:26 [error] [php] include(Post.php) [<a href='function.include'>function.include</a>]: failed to open stream: No such file or directory (E:\job\framework\YiiBase.php:423)
Stack trace:
#0 E:\job\CI\protected\controllers\PostController.php(120): spl_autoload_call()
#1 E:\job\framework\web\actions\CInlineAction.php(50): PostController->actionIndex()
#2 E:\job\framework\web\CController.php(309): CInlineAction->runWithParams()
#3 E:\job\framework\web\filters\CFilterChain.php(134): PostController->runAction()
#4 E:\job\framework\web\filters\CFilter.php(41): CFilterChain->run()
#5 E:\job\framework\web\CController.php(1146): CAccessControlFilter->filter()
#6 E:\job\framework\web\filters\CInlineFilter.php(59): PostController->filterAccessControl()
#7 E:\job\framework\web\filters\CFilterChain.php(131): CInlineFilter->filter()
#8 E:\job\framework\web\CController.php(292): CFilterChain->run()
#9 E:\job\framework\web\CController.php(266): PostController->runActionWithFilters()
#10 E:\job\framework\web\CWebApplication.php(283): PostController->run()
#11 E:\job\framework\web\CWebApplication.php(142): CWebApplication->runController()
#12 E:\job\framework\base\CApplication.php(162): CWebApplication->processRequest()
#13 E:\job\CI\index.php(11): CWebApplication->run()
REQUEST_URI=/
2012/11/15 13:21:58 [error] [exception.CHttpException.404] exception 'CHttpException' with message 'The system is unable to find the requested action "list".' in E:\job\framework\web\CController.php:484
Stack trace:
#0 E:\job\framework\web\CController.php(271): CController->missingAction('list')
#1 E:\job\framework\web\CWebApplication.php(283): CController->run('list')
#2 E:\job\framework\web\CWebApplication.php(142): CWebApplication->runController('page/list')
#3 E:\job\framework\base\CApplication.php(162): CWebApplication->processRequest()
#4 E:\job\CI\index.php(11): CApplication->run()
#5 {main}
REQUEST_URI=/index.php/page/list
---
2012/11/15 13:24:17 [error] [php] include(Post.php) [<a href='function.include'>function.include</a>]: failed to open stream: No such file or directory (E:\job\framework\YiiBase.php:423)
Stack trace:
#0 E:\job\CI\protected\controllers\PostController.php(120): spl_autoload_call()
#1 E:\job\framework\web\actions\CInlineAction.php(50): PostController->actionIndex()
#2 E:\job\framework\web\CController.php(309): CInlineAction->runWithParams()
#3 E:\job\framework\web\filters\CFilterChain.php(134): PostController->runAction()
#4 E:\job\framework\web\filters\CFilter.php(41): CFilterChain->run()
#5 E:\job\framework\web\CController.php(1146): CAccessControlFilter->filter()
#6 E:\job\framework\web\filters\CInlineFilter.php(59): PostController->filterAccessControl()
#7 E:\job\framework\web\filters\CFilterChain.php(131): CInlineFilter->filter()
#8 E:\job\framework\web\CController.php(292): CFilterChain->run()
#9 E:\job\framework\web\CController.php(266): PostController->runActionWithFilters()
#10 E:\job\framework\web\CWebApplication.php(283): PostController->run()
#11 E:\job\framework\web\CWebApplication.php(142): CWebApplication->runController()
#12 E:\job\framework\base\CApplication.php(162): CWebApplication->processRequest()
#13 E:\job\CI\index.php(11): CWebApplication->run()
REQUEST_URI=/
2012/11/15 13:24:33 [error] [php] include(Post.php) [<a href='function.include'>function.include</a>]: failed to open stream: No such file or directory (E:\job\framework\YiiBase.php:423)
Stack trace:
#0 E:\job\CI\protected\controllers\PostController.php(120): spl_autoload_call()
#1 E:\job\framework\web\actions\CInlineAction.php(50): PostController->actionIndex()
#2 E:\job\framework\web\CController.php(309): CInlineAction->runWithParams()
#3 E:\job\framework\web\filters\CFilterChain.php(134): PostController->runAction()
#4 E:\job\framework\web\filters\CFilter.php(41): CFilterChain->run()
#5 E:\job\framework\web\CController.php(1146): CAccessControlFilter->filter()
#6 E:\job\framework\web\filters\CInlineFilter.php(59): PostController->filterAccessControl()
#7 E:\job\framework\web\filters\CFilterChain.php(131): CInlineFilter->filter()
#8 E:\job\framework\web\CController.php(292): CFilterChain->run()
#9 E:\job\framework\web\CController.php(266): PostController->runActionWithFilters()
#10 E:\job\framework\web\CWebApplication.php(283): PostController->run()
#11 E:\job\framework\web\CWebApplication.php(142): CWebApplication->runController()
#12 E:\job\framework\base\CApplication.php(162): CWebApplication->processRequest()
#13 E:\job\CI\index.php(11): CWebApplication->run()
REQUEST_URI=/
2012/11/15 13:24:34 [error] [php] include(Post.php) [<a href='function.include'>function.include</a>]: failed to open stream: No such file or directory (E:\job\framework\YiiBase.php:423)
Stack trace:
#0 E:\job\CI\protected\controllers\PostController.php(120): spl_autoload_call()
#1 E:\job\framework\web\actions\CInlineAction.php(50): PostController->actionIndex()
#2 E:\job\framework\web\CController.php(309): CInlineAction->runWithParams()
#3 E:\job\framework\web\filters\CFilterChain.php(134): PostController->runAction()
#4 E:\job\framework\web\filters\CFilter.php(41): CFilterChain->run()
#5 E:\job\framework\web\CController.php(1146): CAccessControlFilter->filter()
#6 E:\job\framework\web\filters\CInlineFilter.php(59): PostController->filterAccessControl()
#7 E:\job\framework\web\filters\CFilterChain.php(131): CInlineFilter->filter()
#8 E:\job\framework\web\CController.php(292): CFilterChain->run()
#9 E:\job\framework\web\CController.php(266): PostController->runActionWithFilters()
#10 E:\job\framework\web\CWebApplication.php(283): PostController->run()
#11 E:\job\framework\web\CWebApplication.php(142): CWebApplication->runController()
#12 E:\job\framework\base\CApplication.php(162): CWebApplication->processRequest()
#13 E:\job\CI\index.php(11): CWebApplication->run()
REQUEST_URI=/
2012/11/15 14:01:23 [error] [php] include(Post.php) [<a href='function.include'>function.include</a>]: failed to open stream: No such file or directory (E:\job\framework\YiiBase.php:423)
Stack trace:
#0 E:\job\CI\protected\controllers\PostController.php(120): spl_autoload_call()
#1 E:\job\framework\web\actions\CInlineAction.php(50): PostController->actionIndex()
#2 E:\job\framework\web\CController.php(309): CInlineAction->runWithParams()
#3 E:\job\framework\web\filters\CFilterChain.php(134): PostController->runAction()
#4 E:\job\framework\web\filters\CFilter.php(41): CFilterChain->run()
#5 E:\job\framework\web\CController.php(1146): CAccessControlFilter->filter()
#6 E:\job\framework\web\filters\CInlineFilter.php(59): PostController->filterAccessControl()
#7 E:\job\framework\web\filters\CFilterChain.php(131): CInlineFilter->filter()
#8 E:\job\framework\web\CController.php(292): CFilterChain->run()
#9 E:\job\framework\web\CController.php(266): PostController->runActionWithFilters()
#10 E:\job\framework\web\CWebApplication.php(283): PostController->run()
#11 E:\job\framework\web\CWebApplication.php(142): CWebApplication->runController()
#12 E:\job\framework\base\CApplication.php(162): CWebApplication->processRequest()
#13 E:\job\CI\index.php(11): CWebApplication->run()
REQUEST_URI=/
2012/11/15 14:01:30 [error] [php] include(Post.php) [<a href='function.include'>function.include</a>]: failed to open stream: No such file or directory (E:\job\framework\YiiBase.php:423)
Stack trace:
#0 E:\job\CI\protected\controllers\PostController.php(120): spl_autoload_call()
#1 E:\job\framework\web\actions\CInlineAction.php(50): PostController->actionIndex()
#2 E:\job\framework\web\CController.php(309): CInlineAction->runWithParams()
#3 E:\job\framework\web\filters\CFilterChain.php(134): PostController->runAction()
#4 E:\job\framework\web\filters\CFilter.php(41): CFilterChain->run()
#5 E:\job\framework\web\CController.php(1146): CAccessControlFilter->filter()
#6 E:\job\framework\web\filters\CInlineFilter.php(59): PostController->filterAccessControl()
#7 E:\job\framework\web\filters\CFilterChain.php(131): CInlineFilter->filter()
#8 E:\job\framework\web\CController.php(292): CFilterChain->run()
#9 E:\job\framework\web\CController.php(266): PostController->runActionWithFilters()
#10 E:\job\framework\web\CWebApplication.php(283): PostController->run()
#11 E:\job\framework\web\CWebApplication.php(142): CWebApplication->runController()
#12 E:\job\framework\base\CApplication.php(162): CWebApplication->processRequest()
#13 E:\job\CI\index.php(11): CWebApplication->run()
REQUEST_URI=/index.php/
2012/11/15 15:15:13 [error] [php] include(Post.php) [<a href='function.include'>function.include</a>]: failed to open stream: No such file or directory (E:\job\framework\YiiBase.php:423)
Stack trace:
#0 E:\job\CI\protected\controllers\PostController.php(120): spl_autoload_call()
#1 E:\job\framework\web\actions\CInlineAction.php(50): PostController->actionIndex()
#2 E:\job\framework\web\CController.php(309): CInlineAction->runWithParams()
#3 E:\job\framework\web\filters\CFilterChain.php(134): PostController->runAction()
#4 E:\job\framework\web\filters\CFilter.php(41): CFilterChain->run()
#5 E:\job\framework\web\CController.php(1146): CAccessControlFilter->filter()
#6 E:\job\framework\web\filters\CInlineFilter.php(59): PostController->filterAccessControl()
#7 E:\job\framework\web\filters\CFilterChain.php(131): CInlineFilter->filter()
#8 E:\job\framework\web\CController.php(292): CFilterChain->run()
#9 E:\job\framework\web\CController.php(266): PostController->runActionWithFilters()
#10 E:\job\framework\web\CWebApplication.php(283): PostController->run()
#11 E:\job\framework\web\CWebApplication.php(142): CWebApplication->runController()
#12 E:\job\framework\base\CApplication.php(162): CWebApplication->processRequest()
#13 E:\job\CI\index.php(11): CWebApplication->run()
REQUEST_URI=/
2012/11/15 15:16:40 [error] [php] include(Post.php) [<a href='function.include'>function.include</a>]: failed to open stream: No such file or directory (E:\job\framework\YiiBase.php:423)
Stack trace:
#0 E:\job\CI\protected\controllers\PostController.php(120): spl_autoload_call()
#1 E:\job\framework\web\actions\CInlineAction.php(50): PostController->actionIndex()
#2 E:\job\framework\web\CController.php(309): CInlineAction->runWithParams()
#3 E:\job\framework\web\filters\CFilterChain.php(134): PostController->runAction()
#4 E:\job\framework\web\filters\CFilter.php(41): CFilterChain->run()
#5 E:\job\framework\web\CController.php(1146): CAccessControlFilter->filter()
#6 E:\job\framework\web\filters\CInlineFilter.php(59): PostController->filterAccessControl()
#7 E:\job\framework\web\filters\CFilterChain.php(131): CInlineFilter->filter()
#8 E:\job\framework\web\CController.php(292): CFilterChain->run()
#9 E:\job\framework\web\CController.php(266): PostController->runActionWithFilters()
#10 E:\job\framework\web\CWebApplication.php(283): PostController->run()
#11 E:\job\framework\web\CWebApplication.php(142): CWebApplication->runController()
#12 E:\job\framework\base\CApplication.php(162): CWebApplication->processRequest()
#13 E:\job\CI\index.php(11): CWebApplication->run()
REQUEST_URI=/
2012/11/15 15:56:52 [error] [php] include(Post.php) [<a href='function.include'>function.include</a>]: failed to open stream: No such file or directory (E:\job\framework\YiiBase.php:423)
Stack trace:
#0 E:\job\CI\protected\controllers\PostController.php(120): spl_autoload_call()
#1 E:\job\framework\web\actions\CInlineAction.php(50): PostController->actionIndex()
#2 E:\job\framework\web\CController.php(309): CInlineAction->runWithParams()
#3 E:\job\framework\web\filters\CFilterChain.php(134): PostController->runAction()
#4 E:\job\framework\web\filters\CFilter.php(41): CFilterChain->run()
#5 E:\job\framework\web\CController.php(1146): CAccessControlFilter->filter()
#6 E:\job\framework\web\filters\CInlineFilter.php(59): PostController->filterAccessControl()
#7 E:\job\framework\web\filters\CFilterChain.php(131): CInlineFilter->filter()
#8 E:\job\framework\web\CController.php(292): CFilterChain->run()
#9 E:\job\framework\web\CController.php(266): PostController->runActionWithFilters()
#10 E:\job\framework\web\CWebApplication.php(283): PostController->run()
#11 E:\job\framework\web\CWebApplication.php(142): CWebApplication->runController()
#12 E:\job\framework\base\CApplication.php(162): CWebApplication->processRequest()
#13 E:\job\CI\index.php(11): CWebApplication->run()
REQUEST_URI=/index.php/
2012/11/16 13:42:09 [error] [php] include(Post.php) [<a href='function.include'>function.include</a>]: failed to open stream: No such file or directory (E:\job\framework\YiiBase.php:423)
Stack trace:
#0 E:\job\CI\protected\controllers\PostController.php(120): spl_autoload_call()
#1 E:\job\framework\web\actions\CInlineAction.php(50): PostController->actionIndex()
#2 E:\job\framework\web\CController.php(309): CInlineAction->runWithParams()
#3 E:\job\framework\web\filters\CFilterChain.php(134): PostController->runAction()
#4 E:\job\framework\web\filters\CFilter.php(41): CFilterChain->run()
#5 E:\job\framework\web\CController.php(1146): CAccessControlFilter->filter()
#6 E:\job\framework\web\filters\CInlineFilter.php(59): PostController->filterAccessControl()
#7 E:\job\framework\web\filters\CFilterChain.php(131): CInlineFilter->filter()
#8 E:\job\framework\web\CController.php(292): CFilterChain->run()
#9 E:\job\framework\web\CController.php(266): PostController->runActionWithFilters()
#10 E:\job\framework\web\CWebApplication.php(283): PostController->run()
#11 E:\job\framework\web\CWebApplication.php(142): CWebApplication->runController()
#12 E:\job\framework\base\CApplication.php(162): CWebApplication->processRequest()
#13 E:\job\CI\index.php(11): CWebApplication->run()
REQUEST_URI=/
2012/11/16 14:23:29 [error] [php] include(Post.php) [<a href='function.include'>function.include</a>]: failed to open stream: No such file or directory (E:\job\framework\YiiBase.php:423)
Stack trace:
#0 E:\job\CI\protected\controllers\PostController.php(120): spl_autoload_call()
#1 E:\job\framework\web\actions\CInlineAction.php(50): PostController->actionIndex()
#2 E:\job\framework\web\CController.php(309): CInlineAction->runWithParams()
#3 E:\job\framework\web\filters\CFilterChain.php(134): PostController->runAction()
#4 E:\job\framework\web\filters\CFilter.php(41): CFilterChain->run()
#5 E:\job\framework\web\CController.php(1146): CAccessControlFilter->filter()
#6 E:\job\framework\web\filters\CInlineFilter.php(59): PostController->filterAccessControl()
#7 E:\job\framework\web\filters\CFilterChain.php(131): CInlineFilter->filter()
#8 E:\job\framework\web\CController.php(292): CFilterChain->run()
#9 E:\job\framework\web\CController.php(266): PostController->runActionWithFilters()
#10 E:\job\framework\web\CWebApplication.php(283): PostController->run()
#11 E:\job\framework\web\CWebApplication.php(142): CWebApplication->runController()
#12 E:\job\framework\base\CApplication.php(162): CWebApplication->processRequest()
#13 E:\job\CI\index.php(11): CWebApplication->run()
REQUEST_URI=http://www.baidu.com/
2012/11/17 08:57:44 [error] [php] include(Post.php) [<a href='function.include'>function.include</a>]: failed to open stream: No such file or directory (E:\job\framework\YiiBase.php:423)
Stack trace:
#0 E:\job\CI\protected\controllers\PostController.php(120): spl_autoload_call()
#1 E:\job\framework\web\actions\CInlineAction.php(50): PostController->actionIndex()
#2 E:\job\framework\web\CController.php(309): CInlineAction->runWithParams()
#3 E:\job\framework\web\filters\CFilterChain.php(134): PostController->runAction()
#4 E:\job\framework\web\filters\CFilter.php(41): CFilterChain->run()
#5 E:\job\framework\web\CController.php(1146): CAccessControlFilter->filter()
#6 E:\job\framework\web\filters\CInlineFilter.php(59): PostController->filterAccessControl()
#7 E:\job\framework\web\filters\CFilterChain.php(131): CInlineFilter->filter()
#8 E:\job\framework\web\CController.php(292): CFilterChain->run()
#9 E:\job\framework\web\CController.php(266): PostController->runActionWithFilters()
#10 E:\job\framework\web\CWebApplication.php(283): PostController->run()
#11 E:\job\framework\web\CWebApplication.php(142): CWebApplication->runController()
#12 E:\job\framework\base\CApplication.php(162): CWebApplication->processRequest()
#13 E:\job\CI\index.php(11): CWebApplication->run()
REQUEST_URI=http://www.baidu.com/
2012/11/17 10:53:06 [error] [exception.CException] exception 'CException' with message 'Property "PageController.logintype" is not defined.' in E:\job\framework\base\CComponent.php:174
Stack trace:
#0 E:\job\CI\protected\views\page\login.php(1): CComponent->__set('logintype', 123)
#1 E:\job\framework\web\CBaseController.php(127): require('E:\job\CI\prote...')
#2 E:\job\framework\web\CBaseController.php(96): CBaseController->renderInternal('E:\job\CI\prote...', NULL, true)
#3 E:\job\framework\web\CController.php(870): CBaseController->renderFile('E:\job\CI\prote...', NULL, true)
#4 E:\job\framework\web\CController.php(783): CController->renderPartial('login', NULL, true)
#5 E:\job\CI\protected\controllers\PageController.php(13): CController->render('login')
#6 E:\job\framework\web\actions\CInlineAction.php(50): PageController->actionLogin()
#7 E:\job\framework\web\CController.php(309): CInlineAction->runWithParams(Array)
#8 E:\job\framework\web\CController.php(287): CController->runAction(Object(CInlineAction))
#9 E:\job\framework\web\CController.php(266): CController->runActionWithFilters(Object(CInlineAction), Array)
#10 E:\job\framework\web\CWebApplication.php(283): CController->run('login')
#11 E:\job\framework\web\CWebApplication.php(142): CWebApplication->runController('page/login')
#12 E:\job\framework\base\CApplication.php(162): CWebApplication->processRequest()
#13 E:\job\CI\index.php(11): CApplication->run()
#14 {main}
REQUEST_URI=/index.php/page/login?s=Montagu%60s+Harrier
HTTP_REFERER=http://localhost:8080/index.php/page/login
---
2012/11/17 10:53:14 [error] [exception.CException] exception 'CException' with message 'Property "PageController.logintype" is not defined.' in E:\job\framework\base\CComponent.php:174
Stack trace:
#0 E:\job\CI\protected\views\page\login.php(1): CComponent->__set('logintype', 123)
#1 E:\job\framework\web\CBaseController.php(127): require('E:\job\CI\prote...')
#2 E:\job\framework\web\CBaseController.php(96): CBaseController->renderInternal('E:\job\CI\prote...', NULL, true)
#3 E:\job\framework\web\CController.php(870): CBaseController->renderFile('E:\job\CI\prote...', NULL, true)
#4 E:\job\framework\web\CController.php(783): CController->renderPartial('login', NULL, true)
#5 E:\job\CI\protected\controllers\PageController.php(13): CController->render('login')
#6 E:\job\framework\web\actions\CInlineAction.php(50): PageController->actionLogin()
#7 E:\job\framework\web\CController.php(309): CInlineAction->runWithParams(Array)
#8 E:\job\framework\web\CController.php(287): CController->runAction(Object(CInlineAction))
#9 E:\job\framework\web\CController.php(266): CController->runActionWithFilters(Object(CInlineAction), Array)
#10 E:\job\framework\web\CWebApplication.php(283): CController->run('login')
#11 E:\job\framework\web\CWebApplication.php(142): CWebApplication->runController('page/login')
#12 E:\job\framework\base\CApplication.php(162): CWebApplication->processRequest()
#13 E:\job\CI\index.php(11): CApplication->run()
#14 {main}
REQUEST_URI=/index.php/page/login
---
2012/11/17 10:53:21 [error] [exception.CException] exception 'CException' with message 'Property "PageController.logintype" is not defined.' in E:\job\framework\base\CComponent.php:174
Stack trace:
#0 E:\job\CI\protected\views\page\login.php(1): CComponent->__set('logintype', 123)
#1 E:\job\framework\web\CBaseController.php(127): require('E:\job\CI\prote...')
#2 E:\job\framework\web\CBaseController.php(96): CBaseController->renderInternal('E:\job\CI\prote...', NULL, true)
#3 E:\job\framework\web\CController.php(870): CBaseController->renderFile('E:\job\CI\prote...', NULL, true)
#4 E:\job\framework\web\CController.php(783): CController->renderPartial('login', NULL, true)
#5 E:\job\CI\protected\controllers\PageController.php(13): CController->render('login')
#6 E:\job\framework\web\actions\CInlineAction.php(50): PageController->actionLogin()
#7 E:\job\framework\web\CController.php(309): CInlineAction->runWithParams(Array)
#8 E:\job\framework\web\CController.php(287): CController->runAction(Object(CInlineAction))
#9 E:\job\framework\web\CController.php(266): CController->runActionWithFilters(Object(CInlineAction), Array)
#10 E:\job\framework\web\CWebApplication.php(283): CController->run('login')
#11 E:\job\framework\web\CWebApplication.php(142): CWebApplication->runController('page/login')
#12 E:\job\framework\base\CApplication.php(162): CWebApplication->processRequest()
#13 E:\job\CI\index.php(11): CApplication->run()
#14 {main}
REQUEST_URI=/index.php/page/login
---
2012/11/17 10:53:43 [error] [exception.CException] exception 'CException' with message 'Property "PageController.logintype" is not defined.' in E:\job\framework\base\CComponent.php:131
Stack trace:
#0 E:\job\CI\protected\views\layouts\main.php(96): CComponent->__get('logintype')
#1 E:\job\framework\web\CBaseController.php(127): require('E:\job\CI\prote...')
#2 E:\job\framework\web\CBaseController.php(96): CBaseController->renderInternal('E:\job\CI\prote...', Array, true)
#3 E:\job\framework\web\CController.php(785): CBaseController->renderFile('E:\job\CI\prote...', Array, true)
#4 E:\job\CI\protected\controllers\PageController.php(13): CController->render('login')
#5 E:\job\framework\web\actions\CInlineAction.php(50): PageController->actionLogin()
#6 E:\job\framework\web\CController.php(309): CInlineAction->runWithParams(Array)
#7 E:\job\framework\web\CController.php(287): CController->runAction(Object(CInlineAction))
#8 E:\job\framework\web\CController.php(266): CController->runActionWithFilters(Object(CInlineAction), Array)
#9 E:\job\framework\web\CWebApplication.php(283): CController->run('login')
#10 E:\job\framework\web\CWebApplication.php(142): CWebApplication->runController('page/login')
#11 E:\job\framework\base\CApplication.php(162): CWebApplication->processRequest()
#12 E:\job\CI\index.php(11): CApplication->run()
#13 {main}
REQUEST_URI=/index.php/page/login
---
2012/11/17 10:53:56 [error] [exception.CException] exception 'CException' with message 'Property "PageController.logintype" is not defined.' in E:\job\framework\base\CComponent.php:131
Stack trace:
#0 E:\job\CI\protected\views\layouts\main.php(96): CComponent->__get('logintype')
#1 E:\job\framework\web\CBaseController.php(127): require('E:\job\CI\prote...')
#2 E:\job\framework\web\CBaseController.php(96): CBaseController->renderInternal('E:\job\CI\prote...', Array, true)
#3 E:\job\framework\web\CController.php(785): CBaseController->renderFile('E:\job\CI\prote...', Array, true)
#4 E:\job\CI\protected\controllers\PageController.php(13): CController->render('login')
#5 E:\job\framework\web\actions\CInlineAction.php(50): PageController->actionLogin()
#6 E:\job\framework\web\CController.php(309): CInlineAction->runWithParams(Array)
#7 E:\job\framework\web\CController.php(287): CController->runAction(Object(CInlineAction))
#8 E:\job\framework\web\CController.php(266): CController->runActionWithFilters(Object(CInlineAction), Array)
#9 E:\job\framework\web\CWebApplication.php(283): CController->run('login')
#10 E:\job\framework\web\CWebApplication.php(142): CWebApplication->runController('page/login')
#11 E:\job\framework\base\CApplication.php(162): CWebApplication->processRequest()
#12 E:\job\CI\index.php(11): CApplication->run()
#13 {main}
REQUEST_URI=/index.php/page/login
---
2012/11/17 10:54:48 [error] [exception.CException] exception 'CException' with message 'Property "PageController.logintype" is not defined.' in E:\job\framework\base\CComponent.php:131
Stack trace:
#0 E:\job\CI\protected\views\layouts\main.php(96): CComponent->__get('logintype')
#1 E:\job\framework\web\CBaseController.php(127): require('E:\job\CI\prote...')
#2 E:\job\framework\web\CBaseController.php(96): CBaseController->renderInternal('E:\job\CI\prote...', Array, true)
#3 E:\job\framework\web\CController.php(785): CBaseController->renderFile('E:\job\CI\prote...', Array, true)
#4 E:\job\CI\protected\controllers\PageController.php(13): CController->render('login')
#5 E:\job\framework\web\actions\CInlineAction.php(50): PageController->actionLogin()
#6 E:\job\framework\web\CController.php(309): CInlineAction->runWithParams(Array)
#7 E:\job\framework\web\CController.php(287): CController->runAction(Object(CInlineAction))
#8 E:\job\framework\web\CController.php(266): CController->runActionWithFilters(Object(CInlineAction), Array)
#9 E:\job\framework\web\CWebApplication.php(283): CController->run('login')
#10 E:\job\framework\web\CWebApplication.php(142): CWebApplication->runController('page/login')
#11 E:\job\framework\base\CApplication.php(162): CWebApplication->processRequest()
#12 E:\job\CI\index.php(11): CApplication->run()
#13 {main}
REQUEST_URI=/index.php/page/login
---
2012/11/17 10:54:56 [error] [exception.CException] exception 'CException' with message 'Property "PageController.logintype" is not defined.' in E:\job\framework\base\CComponent.php:174
Stack trace:
#0 E:\job\CI\protected\views\page\login.php(1): CComponent->__set('logintype', 123)
#1 E:\job\framework\web\CBaseController.php(127): require('E:\job\CI\prote...')
#2 E:\job\framework\web\CBaseController.php(96): CBaseController->renderInternal('E:\job\CI\prote...', NULL, true)
#3 E:\job\framework\web\CController.php(870): CBaseController->renderFile('E:\job\CI\prote...', NULL, true)
#4 E:\job\framework\web\CController.php(783): CController->renderPartial('login', NULL, true)
#5 E:\job\CI\protected\controllers\PageController.php(13): CController->render('login')
#6 E:\job\framework\web\actions\CInlineAction.php(50): PageController->actionLogin()
#7 E:\job\framework\web\CController.php(309): CInlineAction->runWithParams(Array)
#8 E:\job\framework\web\CController.php(287): CController->runAction(Object(CInlineAction))
#9 E:\job\framework\web\CController.php(266): CController->runActionWithFilters(Object(CInlineAction), Array)
#10 E:\job\framework\web\CWebApplication.php(283): CController->run('login')
#11 E:\job\framework\web\CWebApplication.php(142): CWebApplication->runController('page/login')
#12 E:\job\framework\base\CApplication.php(162): CWebApplication->processRequest()
#13 E:\job\CI\index.php(11): CApplication->run()
#14 {main}
REQUEST_URI=/index.php/page/login
---
2012/11/17 10:54:57 [error] [exception.CException] exception 'CException' with message 'Property "PageController.logintype" is not defined.' in E:\job\framework\base\CComponent.php:174
Stack trace:
#0 E:\job\CI\protected\views\page\login.php(1): CComponent->__set('logintype', 123)
#1 E:\job\framework\web\CBaseController.php(127): require('E:\job\CI\prote...')
#2 E:\job\framework\web\CBaseController.php(96): CBaseController->renderInternal('E:\job\CI\prote...', NULL, true)
#3 E:\job\framework\web\CController.php(870): CBaseController->renderFile('E:\job\CI\prote...', NULL, true)
#4 E:\job\framework\web\CController.php(783): CController->renderPartial('login', NULL, true)
#5 E:\job\CI\protected\controllers\PageController.php(13): CController->render('login')
#6 E:\job\framework\web\actions\CInlineAction.php(50): PageController->actionLogin()
#7 E:\job\framework\web\CController.php(309): CInlineAction->runWithParams(Array)
#8 E:\job\framework\web\CController.php(287): CController->runAction(Object(CInlineAction))
#9 E:\job\framework\web\CController.php(266): CController->runActionWithFilters(Object(CInlineAction), Array)
#10 E:\job\framework\web\CWebApplication.php(283): CController->run('login')
#11 E:\job\framework\web\CWebApplication.php(142): CWebApplication->runController('page/login')
#12 E:\job\framework\base\CApplication.php(162): CWebApplication->processRequest()
#13 E:\job\CI\index.php(11): CApplication->run()
#14 {main}
REQUEST_URI=/index.php/page/login
---
2012/11/17 10:56:09 [error] [exception.CException] exception 'CException' with message 'Property "PageController.logintype" is not defined.' in E:\job\framework\base\CComponent.php:174
Stack trace:
#0 E:\job\CI\protected\views\page\login.php(1): CComponent->__set('logintype', 123)
#1 E:\job\framework\web\CBaseController.php(127): require('E:\job\CI\prote...')
#2 E:\job\framework\web\CBaseController.php(96): CBaseController->renderInternal('E:\job\CI\prote...', NULL, true)
#3 E:\job\framework\web\CController.php(870): CBaseController->renderFile('E:\job\CI\prote...', NULL, true)
#4 E:\job\framework\web\CController.php(783): CController->renderPartial('login', NULL, true)
#5 E:\job\CI\protected\controllers\PageController.php(13): CController->render('login')
#6 E:\job\framework\web\actions\CInlineAction.php(50): PageController->actionLogin()
#7 E:\job\framework\web\CController.php(309): CInlineAction->runWithParams(Array)
#8 E:\job\framework\web\CController.php(287): CController->runAction(Object(CInlineAction))
#9 E:\job\framework\web\CController.php(266): CController->runActionWithFilters(Object(CInlineAction), Array)
#10 E:\job\framework\web\CWebApplication.php(283): CController->run('login')
#11 E:\job\framework\web\CWebApplication.php(142): CWebApplication->runController('page/login')
#12 E:\job\framework\base\CApplication.php(162): CWebApplication->processRequest()
#13 E:\job\CI\index.php(11): CApplication->run()
#14 {main}
REQUEST_URI=/index.php/page/login
---
2012/11/17 11:45:58 [error] [php] Undefined offset: 9 (E:\job\CI\protected\components\views\waterFall.php:7)
Stack trace:
#0 E:\job\framework\web\widgets\CWidget.php(244): WaterFall->renderFile()
#1 E:\job\CI\protected\components\WaterFall.php(11): WaterFall->render()
#2 E:\job\framework\zii\widgets\CPortlet.php(92): WaterFall->renderContent()
#3 E:\job\framework\web\CBaseController.php(174): WaterFall->run()
#4 E:\job\CI\protected\views\page\list.php(11): PageController->widget()
#5 E:\job\framework\web\CBaseController.php(127): require()
#6 E:\job\framework\web\CBaseController.php(96): PageController->renderInternal()
#7 E:\job\framework\web\CController.php(870): PageController->renderFile()
#8 E:\job\framework\web\CController.php(783): PageController->renderPartial()
#9 E:\job\CI\protected\controllers\PageController.php(7): PageController->render()
#10 E:\job\framework\web\actions\CInlineAction.php(50): PageController->actionList()
#11 E:\job\framework\web\CController.php(309): CInlineAction->runWithParams()
#12 E:\job\framework\web\CController.php(287): PageController->runAction()
#13 E:\job\framework\web\CController.php(266): PageController->runActionWithFilters()
#14 E:\job\framework\web\CWebApplication.php(283): PageController->run()
#15 E:\job\framework\web\CWebApplication.php(142): CWebApplication->runController()
#16 E:\job\framework\base\CApplication.php(162): CWebApplication->processRequest()
#17 E:\job\CI\index.php(11): CWebApplication->run()
REQUEST_URI=/index.php/page/list
2012/11/17 14:48:51 [error] [php] include(Post.php) [<a href='function.include'>function.include</a>]: failed to open stream: No such file or directory (E:\job\framework\YiiBase.php:423)
Stack trace:
#0 E:\job\CI\protected\controllers\PostController.php(120): spl_autoload_call()
#1 E:\job\framework\web\actions\CInlineAction.php(50): PostController->actionIndex()
#2 E:\job\framework\web\CController.php(309): CInlineAction->runWithParams()
#3 E:\job\framework\web\filters\CFilterChain.php(134): PostController->runAction()
#4 E:\job\framework\web\filters\CFilter.php(41): CFilterChain->run()
#5 E:\job\framework\web\CController.php(1146): CAccessControlFilter->filter()
#6 E:\job\framework\web\filters\CInlineFilter.php(59): PostController->filterAccessControl()
#7 E:\job\framework\web\filters\CFilterChain.php(131): CInlineFilter->filter()
#8 E:\job\framework\web\CController.php(292): CFilterChain->run()
#9 E:\job\framework\web\CController.php(266): PostController->runActionWithFilters()
#10 E:\job\framework\web\CWebApplication.php(283): PostController->run()
#11 E:\job\framework\web\CWebApplication.php(142): CWebApplication->runController()
#12 E:\job\framework\base\CApplication.php(162): CWebApplication->processRequest()
#13 E:\job\CI\index.php(11): CWebApplication->run()
REQUEST_URI=/
2012/11/18 11:38:51 [error] [php] include(Post.php) [<a href='function.include'>function.include</a>]: failed to open stream: No such file or directory (E:\job\framework\YiiBase.php:423)
Stack trace:
#0 E:\job\CI\protected\controllers\PostController.php(120): spl_autoload_call()
#1 E:\job\framework\web\actions\CInlineAction.php(50): PostController->actionIndex()
#2 E:\job\framework\web\CController.php(309): CInlineAction->runWithParams()
#3 E:\job\framework\web\filters\CFilterChain.php(134): PostController->runAction()
#4 E:\job\framework\web\filters\CFilter.php(41): CFilterChain->run()
#5 E:\job\framework\web\CController.php(1146): CAccessControlFilter->filter()
#6 E:\job\framework\web\filters\CInlineFilter.php(59): PostController->filterAccessControl()
#7 E:\job\framework\web\filters\CFilterChain.php(131): CInlineFilter->filter()
#8 E:\job\framework\web\CController.php(292): CFilterChain->run()
#9 E:\job\framework\web\CController.php(266): PostController->runActionWithFilters()
#10 E:\job\framework\web\CWebApplication.php(283): PostController->run()
#11 E:\job\framework\web\CWebApplication.php(142): CWebApplication->runController()
#12 E:\job\framework\base\CApplication.php(162): CWebApplication->processRequest()
#13 E:\job\CI\index.php(11): CWebApplication->run()
REQUEST_URI=http://www.baidu.com/
2012/11/18 12:57:05 [error] [php] include(Post.php) [<a href='function.include'>function.include</a>]: failed to open stream: No such file or directory (E:\job\framework\YiiBase.php:423)
Stack trace:
#0 E:\job\CI\protected\controllers\PostController.php(120): spl_autoload_call()
#1 E:\job\framework\web\actions\CInlineAction.php(50): PostController->actionIndex()
#2 E:\job\framework\web\CController.php(309): CInlineAction->runWithParams()
#3 E:\job\framework\web\filters\CFilterChain.php(134): PostController->runAction()
#4 E:\job\framework\web\filters\CFilter.php(41): CFilterChain->run()
#5 E:\job\framework\web\CController.php(1146): CAccessControlFilter->filter()
#6 E:\job\framework\web\filters\CInlineFilter.php(59): PostController->filterAccessControl()
#7 E:\job\framework\web\filters\CFilterChain.php(131): CInlineFilter->filter()
#8 E:\job\framework\web\CController.php(292): CFilterChain->run()
#9 E:\job\framework\web\CController.php(266): PostController->runActionWithFilters()
#10 E:\job\framework\web\CWebApplication.php(283): PostController->run()
#11 E:\job\framework\web\CWebApplication.php(142): CWebApplication->runController()
#12 E:\job\framework\base\CApplication.php(162): CWebApplication->processRequest()
#13 E:\job\CI\index.php(11): CWebApplication->run()
REQUEST_URI=/
2012/11/23 14:19:08 [error] [php] include(Post.php) [<a href='function.include'>function.include</a>]: failed to open stream: No such file or directory (E:\job\framework\YiiBase.php:423)
Stack trace:
#0 E:\job\CI\protected\controllers\PostController.php(120): spl_autoload_call()
#1 E:\job\framework\web\actions\CInlineAction.php(50): PostController->actionIndex()
#2 E:\job\framework\web\CController.php(309): CInlineAction->runWithParams()
#3 E:\job\framework\web\filters\CFilterChain.php(134): PostController->runAction()
#4 E:\job\framework\web\filters\CFilter.php(41): CFilterChain->run()
#5 E:\job\framework\web\CController.php(1146): CAccessControlFilter->filter()
#6 E:\job\framework\web\filters\CInlineFilter.php(59): PostController->filterAccessControl()
#7 E:\job\framework\web\filters\CFilterChain.php(131): CInlineFilter->filter()
#8 E:\job\framework\web\CController.php(292): CFilterChain->run()
#9 E:\job\framework\web\CController.php(266): PostController->runActionWithFilters()
#10 E:\job\framework\web\CWebApplication.php(283): PostController->run()
#11 E:\job\framework\web\CWebApplication.php(142): CWebApplication->runController()
#12 E:\job\framework\base\CApplication.php(162): CWebApplication->processRequest()
#13 E:\job\CI\index.php(11): CWebApplication->run()
REQUEST_URI=/
2012/11/23 14:20:40 [error] [php] include(Post.php) [<a href='function.include'>function.include</a>]: failed to open stream: No such file or directory (E:\job\framework\YiiBase.php:423)
Stack trace:
#0 E:\job\CI\protected\controllers\PostController.php(120): spl_autoload_call()
#1 E:\job\framework\web\actions\CInlineAction.php(50): PostController->actionIndex()
#2 E:\job\framework\web\CController.php(309): CInlineAction->runWithParams()
#3 E:\job\framework\web\filters\CFilterChain.php(134): PostController->runAction()
#4 E:\job\framework\web\filters\CFilter.php(41): CFilterChain->run()
#5 E:\job\framework\web\CController.php(1146): CAccessControlFilter->filter()
#6 E:\job\framework\web\filters\CInlineFilter.php(59): PostController->filterAccessControl()
#7 E:\job\framework\web\filters\CFilterChain.php(131): CInlineFilter->filter()
#8 E:\job\framework\web\CController.php(292): CFilterChain->run()
#9 E:\job\framework\web\CController.php(266): PostController->runActionWithFilters()
#10 E:\job\framework\web\CWebApplication.php(283): PostController->run()
#11 E:\job\framework\web\CWebApplication.php(142): CWebApplication->runController()
#12 E:\job\framework\base\CApplication.php(162): CWebApplication->processRequest()
#13 E:\job\CI\index.php(11): CWebApplication->run()
REQUEST_URI=/
